No conda package cache directories found outside your home directory. To
prevent conda from filling up your home directory, you can create a new
directory at `/work/pi_<your_pi_name>/$USER/.conda/pkgs` and reload the module. 
No conda environment directories found outside your home directory. To prevent
conda from filling up your home directory, you can create a new directory at
`/work/pi_<your_pi_name>/$USER/.conda/envs` and reload the module. 
Loading conda version miniforge3-24.7.1
plotting ./torus.out0.03000.h5
Flux [Jy]:    12.3551 12.9273
I,Q,U,V [Jy]: 12.3551 0.168831 -0.257205 0.123672
LP [%]:       2.4902
CP [%]:       1.00099
EVPA [deg]:   -28.3594
plotting ./torus.out0.03001.h5
Flux [Jy]:    12.2594 12.8237
I,Q,U,V [Jy]: 12.2594 0.194559 -0.310338 0.117161
LP [%]:       2.98776
CP [%]:       0.955678
EVPA [deg]:   -28.9577
plotting ./torus.out0.03002.h5
Flux [Jy]:    12.1477 12.7064
I,Q,U,V [Jy]: 12.1477 0.208621 -0.359126 0.117333
LP [%]:       3.41894
CP [%]:       0.965883
EVPA [deg]:   -29.9236
plotting ./torus.out0.03003.h5
Flux [Jy]:    12.0319 12.5868
I,Q,U,V [Jy]: 12.0319 0.207118 -0.396426 0.119026
LP [%]:       3.71738
CP [%]:       0.989249
EVPA [deg]:   -31.2074
plotting ./torus.out0.03004.h5
Flux [Jy]:    11.9093 12.46
I,Q,U,V [Jy]: 11.9093 0.198767 -0.412611 0.124066
LP [%]:       3.84567
CP [%]:       1.04176
EVPA [deg]:   -32.1393
plotting ./torus.out0.03005.h5
Flux [Jy]:    11.8167 12.3622
I,Q,U,V [Jy]: 11.8167 0.192055 -0.41647 0.129074
LP [%]:       3.88112
CP [%]:       1.0923
EVPA [deg]:   -32.6217
plotting ./torus.out0.03006.h5
Flux [Jy]:    11.7474 12.292
I,Q,U,V [Jy]: 11.7474 0.201642 -0.41698 0.134006
LP [%]:       3.9428
CP [%]:       1.14073
EVPA [deg]:   -32.0964
plotting ./torus.out0.03007.h5
Flux [Jy]:    11.7119 12.2575
I,Q,U,V [Jy]: 11.7119 0.213628 -0.409969 0.137945
LP [%]:       3.94718
CP [%]:       1.17782
EVPA [deg]:   -31.2384
plotting ./torus.out0.03008.h5
Flux [Jy]:    11.6664 12.2128
I,Q,U,V [Jy]: 11.6664 0.227147 -0.400323 0.144086
LP [%]:       3.94533
CP [%]:       1.23506
EVPA [deg]:   -30.2146
plotting ./torus.out0.03009.h5
Flux [Jy]:    11.6228 12.1625
I,Q,U,V [Jy]: 11.6228 0.231042 -0.385885 0.14796
LP [%]:       3.86968
CP [%]:       1.27302
EVPA [deg]:   -29.5449
plotting ./torus.out0.03010.h5
Flux [Jy]:    11.5633 12.0938
I,Q,U,V [Jy]: 11.5633 0.233642 -0.3705 0.151946
LP [%]:       3.788
CP [%]:       1.31404
EVPA [deg]:   -28.882
plotting ./torus.out0.03011.h5
Flux [Jy]:    11.5101 12.0294
I,Q,U,V [Jy]: 11.5101 0.226884 -0.353773 0.153841
LP [%]:       3.65137
CP [%]:       1.33658
EVPA [deg]:   -28.6635
plotting ./torus.out0.03012.h5
Flux [Jy]:    11.4386 11.9447
I,Q,U,V [Jy]: 11.4386 0.219074 -0.33899 0.156376
LP [%]:       3.52857
CP [%]:       1.36709
EVPA [deg]:   -28.5636
plotting ./torus.out0.03013.h5
Flux [Jy]:    11.3555 11.8497
I,Q,U,V [Jy]: 11.3555 0.210188 -0.32639 0.158309
LP [%]:       3.41872
CP [%]:       1.39412
EVPA [deg]:   -28.6097
plotting ./torus.out0.03014.h5
Flux [Jy]:    11.2825 11.7654
I,Q,U,V [Jy]: 11.2825 0.201611 -0.303776 0.159591
LP [%]:       3.23147
CP [%]:       1.41449
EVPA [deg]:   -28.2142
plotting ./torus.out0.03015.h5
Flux [Jy]:    11.2033 11.6747
I,Q,U,V [Jy]: 11.2033 0.182833 -0.270792 0.159476
LP [%]:       2.91642
CP [%]:       1.42347
EVPA [deg]:   -27.9868
plotting ./torus.out0.03016.h5
Flux [Jy]:    11.1189 11.5771
I,Q,U,V [Jy]: 11.1189 0.160633 -0.239956 0.160251
LP [%]:       2.597
CP [%]:       1.44124
EVPA [deg]:   -28.1003
plotting ./torus.out0.03017.h5
Flux [Jy]:    11.0179 11.4657
I,Q,U,V [Jy]: 11.0179 0.14643 -0.208422 0.15944
LP [%]:       2.31185
CP [%]:       1.44709
EVPA [deg]:   -27.4548
plotting ./torus.out0.03018.h5
Flux [Jy]:    10.9102 11.3449
I,Q,U,V [Jy]: 10.9102 0.115281 -0.170279 0.16
LP [%]:       1.88478
CP [%]:       1.46653
EVPA [deg]:   -27.9507
plotting ./torus.out0.03019.h5
Flux [Jy]:    10.7966 11.2211
I,Q,U,V [Jy]: 10.7966 0.0893322 -0.132295 0.161468
LP [%]:       1.47853
CP [%]:       1.49553
EVPA [deg]:   -27.9855
plotting ./torus.out0.03020.h5
Flux [Jy]:    10.6793 11.0965
I,Q,U,V [Jy]: 10.6793 0.0659185 -0.100152 0.164823
LP [%]:       1.12272
CP [%]:       1.54339
EVPA [deg]:   -28.3239
plotting ./torus.out0.03021.h5
Flux [Jy]:    10.5551 10.9662
I,Q,U,V [Jy]: 10.5551 0.0414245 -0.0707947 0.168282
LP [%]:       0.777099
CP [%]:       1.59432
EVPA [deg]:   -29.8333
plotting ./torus.out0.03022.h5
Flux [Jy]:    10.4379 10.8434
I,Q,U,V [Jy]: 10.4379 0.02449 -0.0453529 0.172098
LP [%]:       0.493803
CP [%]:       1.64878
EVPA [deg]:   -30.8157
plotting ./torus.out0.03023.h5
Flux [Jy]:    10.3375 10.7415
I,Q,U,V [Jy]: 10.3375 0.0153528 -0.0203349 0.175632
LP [%]:       0.246479
CP [%]:       1.69898
EVPA [deg]:   -26.4737
plotting ./torus.out0.03024.h5
Flux [Jy]:    10.2508 10.6545
I,Q,U,V [Jy]: 10.2508 0.005441 -0.00212285 0.179204
LP [%]:       0.0569757
CP [%]:       1.7482
EVPA [deg]:   -10.6568
plotting ./torus.out0.03025.h5
Flux [Jy]:    10.1921 10.5982
I,Q,U,V [Jy]: 10.1921 -0.0034017 0.0168848 0.182463
LP [%]:       0.168995
CP [%]:       1.79024
EVPA [deg]:   50.6954
plotting ./torus.out0.03026.h5
Flux [Jy]:    10.143 10.5507
I,Q,U,V [Jy]: 10.143 -0.00263343 0.0285327 0.184901
LP [%]:       0.2825
CP [%]:       1.82294
EVPA [deg]:   47.6366
plotting ./torus.out0.03027.h5
Flux [Jy]:    10.1116 10.5203
I,Q,U,V [Jy]: 10.1116 -0.00331916 0.0352567 0.184815
LP [%]:       0.350217
CP [%]:       1.82775
EVPA [deg]:   47.6891
plotting ./torus.out0.03028.h5
Flux [Jy]:    10.0709 10.4782
I,Q,U,V [Jy]: 10.0709 -0.00233719 0.0361601 0.184516
LP [%]:       0.359804
CP [%]:       1.83217
EVPA [deg]:   46.8491
plotting ./torus.out0.03029.h5
Flux [Jy]:    10.0383 10.4438
I,Q,U,V [Jy]: 10.0383 0.00221408 0.0349916 0.183481
LP [%]:       0.349277
CP [%]:       1.8278
EVPA [deg]:   43.1898
plotting ./torus.out0.03030.h5
Flux [Jy]:    9.99489 10.3974
I,Q,U,V [Jy]: 9.99489 0.00188844 0.028039 0.182883
LP [%]:       0.281169
CP [%]:       1.82976
EVPA [deg]:   43.0735
plotting ./torus.out0.03031.h5
Flux [Jy]:    9.95213 10.3506
I,Q,U,V [Jy]: 9.95213 0.00119304 0.0202308 0.182863
LP [%]:       0.203634
CP [%]:       1.83743
EVPA [deg]:   43.3126
plotting ./torus.out0.03032.h5
Flux [Jy]:    9.90993 10.3043
I,Q,U,V [Jy]: 9.90993 -0.00669462 0.0150721 0.182388
LP [%]:       0.166419
CP [%]:       1.84046
EVPA [deg]:   56.9748
ffmpeg version 7.1.1 Copyright (c) 2000-2025 the FFmpeg developers
  built with gcc 13.3.0 (conda-forge gcc 13.3.0-2)
  configuration: --prefix=/project/u2grc/Sofia/Simulations/KerrLow/conda-envs/ipole --cc=/home/conda/feedstock_root/build_artifacts/ffmpeg_1748704128358/_build_env/bin/x86_64-conda-linux-gnu-cc --cxx=/home/conda/feedstock_root/build_artifacts/ffmpeg_1748704128358/_build_env/bin/x86_64-conda-linux-gnu-c++ --nm=/home/conda/feedstock_root/build_artifacts/ffmpeg_1748704128358/_build_env/bin/x86_64-conda-linux-gnu-nm --ar=/home/conda/feedstock_root/build_artifacts/ffmpeg_1748704128358/_build_env/bin/x86_64-conda-linux-gnu-ar --disable-doc --enable-openssl --enable-demuxer=dash --enable-hardcoded-tables --enable-libfreetype --enable-libharfbuzz --enable-libfontconfig --enable-libopenh264 --enable-libdav1d --disable-gnutls --enable-libvpx --enable-libass --enable-pthreads --enable-alsa --enable-libpulse --enable-vaapi --enable-libopenvino --enable-gpl --enable-libx264 --enable-libx265 --enable-libmp3lame --enable-libaom --enable-libsvtav1 --enable-libxml2 --enable-pic --enable-shared --disable-static --enable-version3 --enable-zlib --enable-libvorbis --enable-libopus --enable-librsvg --enable-ffplay --pkg-config=/home/conda/feedstock_root/build_artifacts/ffmpeg_1748704128358/_build_env/bin/pkg-config
  libavutil      59. 39.100 / 59. 39.100
  libavcodec     61. 19.101 / 61. 19.101
  libavformat    61.  7.100 / 61.  7.100
  libavdevice    61.  3.100 / 61.  3.100
  libavfilter    10.  4.100 / 10.  4.100
  libswscale      8.  3.100 /  8.  3.100
  libswresample   5.  3.100 /  5.  3.100
  libpostproc    58.  3.100 / 58.  3.100
Input #0, image2, from '*.png':
  Duration: 00:00:04.13, start: 0.000000, bitrate: N/A
  Stream #0:0: Video: png, rgba(pc, gbr/unknown/unknown), 800x800 [SAR 3937:3937 DAR 1:1], 8 fps, 8 tbr, 8 tbn
Stream mapping:
  Stream #0:0 -> #0:0 (png (native) -> h264 (libx264))
Press [q] to stop, [?] for help
[libx264 @ 0x5e279be32900] using SAR=9/16
[libx264 @ 0x5e279be32900] using cpu capabilities: MMX2 SSE2Fast SSSE3 SSE4.2 AVX FMA3 BMI2 AVX2
[libx264 @ 0x5e279be32900] profile High, level 3.1, 4:2:0, 8-bit
[libx264 @ 0x5e279be32900] 264 - core 164 r3095 baee400 - H.264/MPEG-4 AVC codec - Copyleft 2003-2022 - http://www.videolan.org/x264.html - options: cabac=1 ref=3 deblock=1:0:0 analyse=0x3:0x113 me=hex subme=7 psy=1 psy_rd=1.00:0.00 mixed_ref=1 me_range=16 chroma_me=1 trellis=1 8x8dct=1 cqm=0 deadzone=21,11 fast_pskip=1 chroma_qp_offset=-2 threads=1 lookahead_threads=1 sliced_threads=0 nr=0 decimate=1 interlaced=0 bluray_compat=0 constrained_intra=0 bframes=3 b_pyramid=2 b_adapt=1 b_bias=0 direct=1 weightb=1 open_gop=0 weightp=2 keyint=250 keyint_min=8 scenecut=40 intra_refresh=0 rc_lookahead=40 rc=crf mbtree=1 crf=20.0 qcomp=0.60 qpmin=0 qpmax=69 qpstep=4 ip_ratio=1.40 aq=1:1.00
Output #0, mp4, to '/project/u2grc/Sofia/Simulations/KerrLow/out-1.mp4':
  Metadata:
    encoder         : Lavf61.7.100
  Stream #0:0: Video: h264 (avc1 / 0x31637661), yuv420p(tv, progressive), 1280x720 [SAR 9:16 DAR 1:1], q=2-31, 8 fps, 16384 tbn
      Metadata:
        encoder         : Lavc61.19.101 libx264
      Side data:
        cpb: bitrate max/min/avg: 0/0/0 buffer size: 0 vbv_delay: N/A
frame=    0 fps=0.0 q=0.0 size=       0KiB time=N/A bitrate=N/A speed=N/A    frame=    1 fps=1.0 q=21.0 size=       0KiB time=-00:00:00.12 bitrate=N/A speed=N/A    frame=    8 fps=5.3 q=21.0 size=     512KiB time=00:00:00.75 bitrate=5592.9kbits/s speed=0.499x    frame=   14 fps=7.0 q=21.0 size=     768KiB time=00:00:01.50 bitrate=4194.6kbits/s speed=0.749x    frame=   20 fps=8.0 q=21.0 size=    1280KiB time=00:00:02.25 bitrate=4660.5kbits/s speed=0.899x    frame=   26 fps=8.7 q=21.0 size=    1792KiB time=00:00:03.00 bitrate=4893.5kbits/s speed=0.999x    frame=   31 fps=8.8 q=21.0 size=    2048KiB time=00:00:03.62 bitrate=4628.3kbits/s speed=1.03x    [out#0/mp4 @ 0x5e279be3dac0] video:2477KiB audio:0KiB subtitle:0KiB other streams:0KiB global headers:0KiB muxing overhead: 0.051085%
frame=   33 fps=9.1 q=21.0 Lsize=    2479KiB time=00:00:03.87 bitrate=5240.2kbits/s speed=1.07x    
[libx264 @ 0x5e279be32900] frame I:1     Avg QP:14.01  size:144629
[libx264 @ 0x5e279be32900] frame P:8     Avg QP:17.85  size: 95947
[libx264 @ 0x5e279be32900] frame B:24    Avg QP:21.02  size: 67669
[libx264 @ 0x5e279be32900] consecutive B-frames:  3.0%  0.0%  0.0% 97.0%
[libx264 @ 0x5e279be32900] mb I  I16..4: 33.1% 34.2% 32.8%
[libx264 @ 0x5e279be32900] mb P  I16..4:  1.2% 13.5%  4.6%  P16..4: 13.5% 11.2%  9.4%  0.0%  0.0%    skip:46.7%
[libx264 @ 0x5e279be32900] mb B  I16..4:  0.1%  2.2%  4.2%  B16..8: 14.2%  8.1%  5.3%  direct: 9.3%  skip:56.6%  L0:36.2% L1:31.1% BI:32.6%
[libx264 @ 0x5e279be32900] 8x8 transform intra:47.4% inter:62.1%
[libx264 @ 0x5e279be32900] coded y,uvDC,uvAC intra: 80.8% 83.8% 83.0% inter: 22.7% 28.8% 22.2%
[libx264 @ 0x5e279be32900] i16 v,h,dc,p: 66% 22%  6%  6%
[libx264 @ 0x5e279be32900] i8 v,h,dc,ddl,ddr,vr,hd,vl,hu: 11% 17% 21%  5%  9%  5% 14%  5% 12%
[libx264 @ 0x5e279be32900] i4 v,h,dc,ddl,ddr,vr,hd,vl,hu: 15% 28% 12%  5%  8%  4% 12%  4% 12%
[libx264 @ 0x5e279be32900] i8c dc,h,v,p: 64% 16%  8% 12%
[libx264 @ 0x5e279be32900] Weighted P-Frames: Y:0.0% UV:0.0%
[libx264 @ 0x5e279be32900] ref P L0: 51.1% 13.2% 18.6% 17.0%
[libx264 @ 0x5e279be32900] ref B L0: 88.0%  9.3%  2.7%
[libx264 @ 0x5e279be32900] ref B L1: 95.3%  4.7%
[libx264 @ 0x5e279be32900] kb/s:4918.81
